Determining if the Q_WS_X11 exist failed with the following output:
Change Dir: /Users/mirette/Documents/Polytech Paris Sud/2eme année/Tronc Commun/Projet Coop/Plotter_Project/Build/CMakeFiles/CMakeTmp

Run Build Command:/Applications/CMake\ 2.8-10.app/Contents/bin/cmakexbuild -project CMAKE_TRY_COMPILE.xcodeproj build -target cmTryCompileExec3994178368 -configuration Debug
=== BUILD NATIVE TARGET cmTryCompileExec3994178368 OF PROJECT CMAKE_TRY_COMPILE WITH CONFIGURATION Debug ===
Check dependencies

CompileC CMAKE_TRY_COMPILE.build/Debug/cmTryCompileExec3994178368.build/Objects-normal/x86_64/CheckSymbolExists.o CheckSymbolExists.cxx normal x86_64 c++ com.apple.compilers.llvm.clang.1_0.compiler
    cd "/Users/mirette/Documents/Polytech Paris Sud/2eme année/Tronc Commun/Projet Coop/Plotter_Project/Build/CMakeFiles/CMakeTmp"
    /Developer/usr/bin/clang -x c++ -arch x86_64 -fmessage-length=0 -fdiagnostics-print-source-range-info -fdiagnostics-show-category=id -fdiagnostics-parseable-fixits -Wno-trigraphs -fpascal-strings -O0 -Wno-return-type -Wparentheses -Wswitch -Wno-unused-parameter -Wno-unused-variable -Wunused-value -Wno-shorten-64-to-32 -Wc++0x-extensions "-DCMAKE_INTDIR=\"Debug\"" -isysroot /Developer/SDKs/MacOSX10.7.sdk -fasm-blocks -mmacosx-version-min=10.7 -Wno-sign-conversion "-I/Users/mirette/Documents/Polytech Paris Sud/2eme année/Tronc Commun/Projet Coop/Plotter_** BUILD FAILED **Project/Build/CMakeFiles/CMakeTmp/Debug/include" "-I/Users/mirette/Documents/Polytech Paris Sud/2eme année/Tronc Commun/Projet Coop/Plotter_Project/Build/CMakeFiles/CMakeTmp/CMAKE_TRY_COMPILE.build/Debug/cmTryCompileExec3994178368.build/DerivedSources/x86_64" "-I/Users/mirette/Documents/Polytech Paris Sud/2eme année/Tronc Commun/Projet Coop/Plotter_Project/Build/CMakeFiles/CMakeTmp/CMAKE_TRY_COMPILE.build/Debug/cmTryCompileExec3994178368.build/DerivedSources" -Wmost -Wno-four-char-constants -Wno-unknown-pragmas "-F/Users/mirette/Documents/Polytech Paris Sud/2eme année/Tronc Commun/Projet Coop/Plotter_Project/Build/CMakeFiles/CMakeTmp/Debug" -F/Developer/SDKs/MacOSX10.7.sdk/Library/Frameworks -g -MMD -MT dependencies -MF "/Users/mirette/Documents/Polytech Paris Sud/2eme année/Tronc Commun/Projet Coop/Plotter_Project/Build/CMakeFiles/CMakeTmp/CMAKE_TRY_COMPILE.build/Debug/cmTryCompileExec3994178368.build/Objects-normal/x86_64/CheckSymbolExists.d" -c "/Users/mirette/Documents/Polytech Paris Sud/2eme anne


The following build commands failed:
	CompileC CMAKE_TRY_COMPILE.build/Debug/cmTryCompileExec3994178368.build/Objects-normal/x86_64/CheckSymbolExists.o CheckSymbolExists.cxx normal x86_64 c++ com.apple.compilers.llvm.clang.1_0.compiler
́e/Tronc Commun/Projet Coop/Plotter_Project/Build/CMakeFiles/CMakeTmp/CheckSymbolExists.cxx" -o "/Users/mirette/Documents/Polytech Paris Sud/2eme année/Tronc Commun/Projet Coop/Plotter_Project/Build/CMakeFiles/CMakeTmp/CMAKE_TRY_COMPILE.build/Debug/cmTryCompileExec3994178368.build/Objects-normal/x86_64/CheckSymbolExists.o"
/Users/mirette/Documents/Polytech Paris Sud/2eme année/Tronc Commun/Projet Coop/Plotter_Project/Build/CMakeFiles/CMakeTmp/CheckSymbolExists.cxx:8:19: error: use of undeclared identifier 'Q_WS_X11' [3]
   return ((int*)(&Q_WS_X11))[argc];
                   ^
1 error generated.

Ld Debug/cmTryCompileExec3994178368 normal x86_64
    cd "/Users/mirette/Documents/Polytech Paris Sud/2eme année/Tronc Commun/Projet Coop/Plotter_Project/Build/CMakeFiles/CMakeTmp"
    /Developer/usr/bin/clang++ -arch x86_64 -isysroot /Developer/SDKs/MacOSX10.7.sdk "-L/Users/mirette/Documents/Polytech Paris Sud/2eme année/Tronc Commun/Projet Coop/Plotter_Project/Build/CMakeFiles/CMakeTmp/Debug" "-F/Users/mir	Ld Debug/cmTryCompileExec3994178368 normal x86_64
(2 failures)
ette/Documents/Polytech Paris Sud/2eme année/Tronc Commun/Projet Coop/Plotter_Project/Build/CMakeFiles/CMakeTmp/Debug" -F/Developer/SDKs/MacOSX10.7.sdk/Library/Frameworks -filelist "/Users/mirette/Documents/Polytech Paris Sud/2eme année/Tronc Commun/Projet Coop/Plotter_Project/Build/CMakeFiles/CMakeTmp/CMAKE_TRY_COMPILE.build/Debug/cmTryCompileExec3994178368.build/Objects-normal/x86_64/cmTryCompileExec3994178368.LinkFileList" -mmacosx-version-min=10.7 -Wl,-search_paths_first -Wl,-headerpad_max_install_names -o "/Users/mirette/Documents/Polytech Paris Sud/2eme année/Tronc Commun/Projet Coop/Plotter_Project/Build/CMakeFiles/CMakeTmp/Debug/cmTryCompileExec3994178368"
ld: file not found: /Users/mirette/Documents/Polytech Paris Sud/2eme année/Tronc Commun/Projet Coop/Plotter_Project/Build/CMakeFiles/CMakeTmp/CMAKE_TRY_COMPILE.build/Debug/cmTryCompileExec3994178368.build/Objects-normal/x86_64/CheckSymbolExists.o
Command /Developer/usr/bin/clang++ failed with exit code 1



File /Users/mirette/Documents/Polytech Paris Sud/2eme année/Tronc Commun/Projet Coop/Plotter_Project/Build/CMakeFiles/CMakeTmp/CheckSymbolExists.cxx:
/* */
#include <QtCore/qglobal.h>

int main(int argc, char** argv)
{
  (void)argv;
#ifndef Q_WS_X11
  return ((int*)(&Q_WS_X11))[argc];
#else
  (void)argc;
  return 0;
#endif
}

Determining if the Q_WS_WIN exist failed with the following output:
Change Dir: /Users/mirette/Documents/Polytech Paris Sud/2eme année/Tronc Commun/Projet Coop/Plotter_Project/Build/CMakeFiles/CMakeTmp

Run Build Command:/Applications/CMake\ 2.8-10.app/Contents/bin/cmakexbuild -project CMAKE_TRY_COMPILE.xcodeproj build -target cmTryCompileExec3411434026 -configuration Debug
=== BUILD NATIVE TARGET cmTryCompileExec3411434026 OF PROJECT CMAKE_TRY_COMPILE WITH CONFIGURATION Debug ===
Check dependencies

CompileC CMAKE_TRY_COMPILE.build/Debug/cmTryCompileExec3411434026.build/Objects-normal/x86_64/CheckSymbolExists.o CheckSymbolExists.cxx normal x86_64 c++ com.apple.compilers.llvm.clang.1_0.compiler
    cd "/Users/mirette/Documents/Polytech Paris Sud/2eme année/Tronc Commun/Projet Coop/Plotter_Project/Build/CMakeFiles/CMakeTmp"
    /Developer/usr/bin/clang -x c++ -arch x86_64 -fmessage-length=0 -fdiagnostics-print-source-range-info -fdiagnostics-show-category=id -fdiagnostics-parseable-fixits -Wno-trigraphs -fpascal-strings -O0 -Wno-return-type -Wparentheses -Wswitch -Wno-unused-parameter -Wno-unused-variable -Wunused-value -Wno-shorten-64-to-32 -Wc++0x-extensions "-DCMAKE_INTDIR=\"Debug\"" -isysroot /Developer/SDKs/MacOSX10.7.sdk -fasm-blocks -mmacosx-version-min=10.7 -Wno-sign-conversion "-I/Users/mirette/Documents/Polytech Paris Sud/2eme année/Tronc Commun/Projet Coop/Plotter_** BUILD FAILED **


The following build commands failed:Project/Build/CMakeFiles/CMakeTmp/Debug/include" "-I/Users/mirette/Documents/Polytech Paris Sud/2eme année/Tronc Commun/Projet Coop/Plotter_Project/Build/CMakeFiles/CMakeTmp/CMAKE_TRY_COMPILE.build/Debug/cmTryCompileExec3411434026.build/DerivedSources/x86_64" "-I/Users/mirette/Documents/Polytech Paris Sud/2eme année/Tronc Commun/Projet Coop/Plotter_Project/Build/CMakeFiles/CMakeTmp/CMAKE_TRY_COMPILE.build/Debug/cmTryCompileExec3411434026.build/DerivedSources" -Wmost -Wno-four-char-constants -Wno-unknown-pragmas "-F/Users/mirette/Documents/Polytech Paris Sud/2eme année/Tronc Commun/Projet Coop/Plotter_Project/Build/CMakeFiles/CMakeTmp/Debug" -F/Developer/SDKs/MacOSX10.7.sdk/Library/Frameworks -g -MMD -MT dependencies -MF "/Users/mirette/Documents/Polytech Paris Sud/2eme année/Tronc Commun/Projet Coop/Plotter_Project/Build/CMakeFiles/CMakeTmp/CMAKE_TRY_COMPILE.build/Debug/cmTryCompileExec3411434026.build/Objects-normal/x86_64/CheckSymbolExists.d" -c "/Users/mirette/Documents/Polytech Paris Sud/2eme anne
	CompileC CMAKE_TRY_COMPILE.build/Debug/cmTryCompileExec3411434026.build/Objects-normal/x86_64/CheckSymbolExists.o CheckSymbolExists.cxx normal x86_64 c++ com.apple.compilers.llvm.clang.1_0.compiler
	Ld Debug/cmTryCompileExec3411434026 normal x86_64
́e/Tronc Commun/Projet Coop/Plotter_Project/Build/CMakeFiles/CMakeTmp/CheckSymbolExists.cxx" -o "/Users/mirette/Documents/Polytech Paris Sud/2eme année/Tronc Commun/Projet Coop/Plotter_Project/Build/CMakeFiles/CMakeTmp/CMAKE_TRY_COMPILE.build/Debug/cmTryCompileExec3411434026.build/Objects-normal/x86_64/CheckSymbolExists.o"
/Users/mirette/Documents/Polytech Paris Sud/2eme année/Tronc Commun/Projet Coop/Plotter_Project/Build/CMakeFiles/CMakeTmp/CheckSymbolExists.cxx:8:19: error: use of undeclared identifier 'Q_WS_WIN' [3]
   return ((int*)(&Q_WS_WIN))[argc];
                   ^
1 error generated.

Ld Debug/cmTryCompileExec3411434026 normal x86_64
    cd "/Users/mirette/Documents/Polytech Paris Sud/2eme année/Tronc Commun/Projet Coop/Plotter_Project/Build/CMakeFiles/CMakeTmp"
    /Developer/usr/bin/clang++ -arch x86_64 -isysroot /Developer/SDKs/MacOSX10.7.sdk "-L/Users/mirette/Documents/Polytech Paris Sud/2eme année/Tronc Commun/Projet Coop/Plotter_Project/Build/CMakeFiles/CMakeTmp/Debug" "-F/Users/mir(2 failures)
ette/Documents/Polytech Paris Sud/2eme année/Tronc Commun/Projet Coop/Plotter_Project/Build/CMakeFiles/CMakeTmp/Debug" -F/Developer/SDKs/MacOSX10.7.sdk/Library/Frameworks -filelist "/Users/mirette/Documents/Polytech Paris Sud/2eme année/Tronc Commun/Projet Coop/Plotter_Project/Build/CMakeFiles/CMakeTmp/CMAKE_TRY_COMPILE.build/Debug/cmTryCompileExec3411434026.build/Objects-normal/x86_64/cmTryCompileExec3411434026.LinkFileList" -mmacosx-version-min=10.7 -Wl,-search_paths_first -Wl,-headerpad_max_install_names -o "/Users/mirette/Documents/Polytech Paris Sud/2eme année/Tronc Commun/Projet Coop/Plotter_Project/Build/CMakeFiles/CMakeTmp/Debug/cmTryCompileExec3411434026"
ld: file not found: /Users/mirette/Documents/Polytech Paris Sud/2eme année/Tronc Commun/Projet Coop/Plotter_Project/Build/CMakeFiles/CMakeTmp/CMAKE_TRY_COMPILE.build/Debug/cmTryCompileExec3411434026.build/Objects-normal/x86_64/CheckSymbolExists.o
Command /Developer/usr/bin/clang++ failed with exit code 1



File /Users/mirette/Documents/Polytech Paris Sud/2eme année/Tronc Commun/Projet Coop/Plotter_Project/Build/CMakeFiles/CMakeTmp/CheckSymbolExists.cxx:
/* */
#include <QtCore/qglobal.h>

int main(int argc, char** argv)
{
  (void)argv;
#ifndef Q_WS_WIN
  return ((int*)(&Q_WS_WIN))[argc];
#else
  (void)argc;
  return 0;
#endif
}

Determining if the Q_WS_QWS exist failed with the following output:
Change Dir: /Users/mirette/Documents/Polytech Paris Sud/2eme année/Tronc Commun/Projet Coop/Plotter_Project/Build/CMakeFiles/CMakeTmp

Run Build Command:/Applications/CMake\ 2.8-10.app/Contents/bin/cmakexbuild -project CMAKE_TRY_COMPILE.xcodeproj build -target cmTryCompileExec530048147 -configuration Debug
=== BUILD NATIVE TARGET cmTryCompileExec530048147 OF PROJECT CMAKE_TRY_COMPILE WITH CONFIGURATION Debug ===
Check dependencies

CompileC CMAKE_TRY_COMPILE.build/Debug/cmTryCompileExec530048147.build/Objects-normal/x86_64/CheckSymbolExists.o CheckSymbolExists.cxx normal x86_64 c++ com.apple.compilers.llvm.clang.1_0.compiler
    cd "/Users/mirette/Documents/Polytech Paris Sud/2eme année/Tronc Commun/Projet Coop/Plotter_Project/Build/CMakeFiles/CMakeTmp"
    /Developer/usr/bin/clang -x c++ -arch x86_64 -fmessage-length=0 -fdiagnostics-print-source-range-info -fdiagnostics-show-category=id -fdiagnostics-parseable-fixits -Wno-trigraphs -fpascal-strings -O0 -Wno-return-type -Wparentheses -Wswitch -Wno-unused-parameter -Wno-unused-variable -Wunused-value -Wno-shorten-64-to-32 -Wc++0x-extensions "-DCMAKE_INTDIR=\"Debug\"" -isysroot /Developer/SDKs/MacOSX10.7.sdk -fasm-blocks -mmacosx-version-min=10.7 -Wno-sign-conversion "-I/Users/mirette/Documents/Polytech Paris Sud/2eme année/Tronc Commun/Projet Coop/Plotter_Pr** BUILD FAILED **oject/Build/CMakeFiles/CMakeTmp/Debug/include" "-I/Users/mirette/Documents/Polytech Paris Sud/2eme année/Tronc Commun/Projet Coop/Plotter_Project/Build/CMakeFiles/CMakeTmp/CMAKE_TRY_COMPILE.build/Debug/cmTryCompileExec530048147.build/DerivedSources/x86_64" "-I/Users/mirette/Documents/Polytech Paris Sud/2eme année/Tronc Commun/Projet Coop/Plotter_Project/Build/CMakeFiles/CMakeTmp/CMAKE_TRY_COMPILE.build/Debug/cmTryCompileExec530048147.build/DerivedSources" -Wmost -Wno-four-char-constants -Wno-unknown-pragmas "-F/Users/mirette/Documents/Polytech Paris Sud/2eme année/Tronc Commun/Projet Coop/Plotter_Project/Build/CMakeFiles/CMakeTmp/Debug" -F/Developer/SDKs/MacOSX10.7.sdk/Library/Frameworks -g -MMD -MT dependencies -MF "/Users/mirette/Documents/Polytech Paris Sud/2eme année/Tronc Commun/Projet Coop/Plotter_Project/Build/CMakeFiles/CMakeTmp/CMAKE_TRY_COMPILE.build/Debug/cmTryCompileExec530048147.build/Objects-normal/x86_64/CheckSymbolExists.d" -c "/Users/mirette/Documents/Polytech Paris Sud/2eme année/Tronc Commun/Projet Coop/Plotter_Project/Build/CMakeFiles/CMakeTmp/CheckSymbolExists.cxx" -o "/Users/mirette/Documents/Polytech Paris Sud/2eme année/Tronc Commun/Projet Coop/Plotter_Project/Build/CMakeFiles/CMakeTmp/CMAKE_TRY_COMPILE.build/Debug/cmTryCompileExec530048147.build/Objects-normal/x86_64/CheckSymbolExists.o"
/Users/mirette/Documents/Polytech Paris Sud/2eme année/Tronc Commun/Projet Coop/Plotter_Project/Build/CMakeFiles/CMakeTmp/CheckSymbolExists.cxx:8:19: error: use of undeclared identifier 'Q_WS_QWS' [3]
   return ((int*)(&Q_WS_QWS))[argc];
                   ^
1 error generated.

Ld Debug/cmTryCompileExec530048147 normal x86_64
    cd "/Users/mirette/Documents/Polytech Paris Sud/2eme année/Tronc Commun/Projet Coop/Plotter_Project/Build/CMakeFiles/CMakeTmp"
    /Developer/usr/bin/clang++ -arch x86_64 -isysroot /Developer/SDKs/MacOSX10.7.sdk "-L/Users/mirette/Documents/Polytech Paris Sud/2eme année/Tronc Commun/Projet Coop/Plotter_Project/Build/CMakeFiles/CMakeTmp/Debug" "-F/Users/mirette/Do


The following build commands failed:
cuments/Polytech Paris Sud/2eme année/Tronc Commun/Projet Coop/Plotter_Project/Build/CMakeFiles/CMakeTmp/Debug" -F/Developer/SDKs/MacOSX10.7.sdk/Library/Frameworks -filelist "/Users/mirette/Documents/Polytech Paris Sud/2eme année/Tronc Commun/Projet Coop/Plotter_Project/Build/CMakeFiles/CMakeTmp/CMAKE_TRY_COMPILE.build/Debug/cmTryCompileExec530048147.build/Objects-normal/x86_64/cmTryCompileExec530048147.LinkFileList" -mmacosx-version-min=10.7 -Wl,-search_paths_first -Wl,-headerpad_max_install_names -o "/Users/mirette/Documents/Polytech Paris Sud/2eme année/Tronc Commun/Projet Coop/Plotter_Project/Build/CMakeFiles/CMakeTmp/Debug/cmTryCompileExec530048147"
ld: file not found: /Users/mirette/Documents/Polytech Paris Sud/2eme année/Tronc Commun/Projet Coop/Plotter_Project/Build/CMakeFiles/CMakeTmp/CMAKE_TRY_COMPILE.build/Debug/cmTryCompileExec530048147.build/Objects-normal/x86_64/CheckSymbolExists.o
Command /Developer/usr/bin/clang++ failed with exit code 1


	CompileC CMAKE_TRY_COMPILE.build/Debug/cmTryCompileExec530048147.build/Objects-normal/x86_64/CheckSymbolExists.o CheckSymbolExists.cxx normal x86_64 c++ com.apple.compilers.llvm.clang.1_0.compiler
	Ld Debug/cmTryCompileExec530048147 normal x86_64
(2 failures)

File /Users/mirette/Documents/Polytech Paris Sud/2eme année/Tronc Commun/Projet Coop/Plotter_Project/Build/CMakeFiles/CMakeTmp/CheckSymbolExists.cxx:
/* */
#include <QtCore/qglobal.h>

int main(int argc, char** argv)
{
  (void)argv;
#ifndef Q_WS_QWS
  return ((int*)(&Q_WS_QWS))[argc];
#else
  (void)argc;
  return 0;
#endif
}

